0 info it worked if it ends with ok
1 verbose cli [ 'D:\\Program Files (x86)\\nodejs\\node.exe',
1 verbose cli   'C:\\Users\\ASUS\\AppData\\Roaming\\npm\\node_modules\\npm\\bin\\npm-cli.js',
1 verbose cli   'install',
1 verbose cli   'express',
1 verbose cli   '--save' ]
2 info using npm@3.10.9
3 info using node@v4.4.1
4 silly loadCurrentTree Starting
5 silly install loadCurrentTree
6 silly install readLocalPackageData
7 silly fetchPackageMetaData express
8 silly fetchNamedPackageData express
9 silly mapToRegistry name express
10 silly mapToRegistry using default registry
11 silly mapToRegistry registry https://registry.npm.taobao.org/
12 silly mapToRegistry data Result {
12 silly mapToRegistry   raw: 'express',
12 silly mapToRegistry   scope: null,
12 silly mapToRegistry   escapedName: 'express',
12 silly mapToRegistry   name: 'express',
12 silly mapToRegistry   rawSpec: '',
12 silly mapToRegistry   spec: 'latest',
12 silly mapToRegistry   type: 'tag' }
13 silly mapToRegistry uri https://registry.npm.taobao.org/express
14 verbose request uri https://registry.npm.taobao.org/express
15 verbose request no auth needed
16 info attempt registry request try #1 at 13:10:28
17 verbose request id e44ad807c6caf354
18 verbose etag "8d61e-uSMfeMv/l46KeT9+AEq9YQ"
19 http request GET https://registry.npm.taobao.org/express
20 http 200 https://registry.npm.taobao.org/express
21 verbose headers { date: 'Sat, 06 May 2017 05:10:05 GMT',
21 verbose headers   'content-type': 'application/json; charset=utf-8',
21 verbose headers   'content-length': '613647',
21 verbose headers   connection: 'keep-alive',
21 verbose headers   'x-current-requests': '1',
21 verbose headers   etag: '"95d0f-v/DZoXCpezps56W5ax6g2gqHTuE"',
21 verbose headers   'x-readtime': '182' }
22 silly get cb [ 200,
22 silly get   { date: 'Sat, 06 May 2017 05:10:05 GMT',
22 silly get     'content-type': 'application/json; charset=utf-8',
22 silly get     'content-length': '613647',
22 silly get     connection: 'keep-alive',
22 silly get     'x-current-requests': '1',
22 silly get     etag: '"95d0f-v/DZoXCpezps56W5ax6g2gqHTuE"',
22 silly get     'x-readtime': '182' } ]
23 verbose get saving express to C:\Users\ASUS\AppData\Roaming\npm-cache\registry.npm.taobao.org\express\.cache.json
24 verbose correctMkdir C:\Users\ASUS\AppData\Roaming\npm-cache correctMkdir not in flight; initializing
25 silly install normalizeTree
26 silly loadCurrentTree Finishing
27 silly loadIdealTree Starting
28 silly install loadIdealTree
29 silly cloneCurrentTree Starting
30 silly install cloneCurrentTreeToIdealTree
31 silly cloneCurrentTree Finishing
32 silly loadShrinkwrap Starting
33 silly install loadShrinkwrap
34 silly loadShrinkwrap Finishing
35 silly loadAllDepsIntoIdealTree Starting
36 silly install loadAllDepsIntoIdealTree
37 silly rollbackFailedOptional Starting
38 silly rollbackFailedOptional Finishing
39 silly runTopLevelLifecycles Finishing
40 silly install printInstalled
41 verbose stack Error: Refusing to install express as a dependency of itself
41 verbose stack     at checkSelf (C:\Users\ASUS\AppData\Roaming\npm\node_modules\npm\lib\install\validate-args.js:53:14)
41 verbose stack     at Array.<anonymous> (C:\Users\ASUS\AppData\Roaming\npm\node_modules\npm\node_modules\slide\lib\bind-actor.js:15:8)
41 verbose stack     at LOOP (C:\Users\ASUS\AppData\Roaming\npm\node_modules\npm\node_modules\slide\lib\chain.js:15:14)
41 verbose stack     at chain (C:\Users\ASUS\AppData\Roaming\npm\node_modules\npm\node_modules\slide\lib\chain.js:20:5)
41 verbose stack     at C:\Users\ASUS\AppData\Roaming\npm\node_modules\npm\lib\install\validate-args.js:16:5
41 verbose stack     at C:\Users\ASUS\AppData\Roaming\npm\node_modules\npm\node_modules\slide\lib\async-map.js:52:35
41 verbose stack     at Array.forEach (native)
41 verbose stack     at C:\Users\ASUS\AppData\Roaming\npm\node_modules\npm\node_modules\slide\lib\async-map.js:52:11
41 verbose stack     at Array.forEach (native)
41 verbose stack     at asyncMap (C:\Users\ASUS\AppData\Roaming\npm\node_modules\npm\node_modules\slide\lib\async-map.js:51:8)
42 verbose cwd E:\node program\examples\express
43 error Windows_NT 6.1.7601
44 error argv "D:\\Program Files (x86)\\nodejs\\node.exe" "C:\\Users\\ASUS\\AppData\\Roaming\\npm\\node_modules\\npm\\bin\\npm-cli.js" "install" "express" "--save"
45 error node v4.4.1
46 error npm  v3.10.9
47 error code ENOSELF
48 error Refusing to install express as a dependency of itself
49 error If you need help, you may report this error at:
49 error     <https://github.com/npm/npm/issues>
50 verbose exit [ 1, true ]
